This is pdfTeX, Version 3.14159265-2.6-1.40.21 (MiKTeX 2.9.7440 64-bit) (preloaded format=pdflatex 2020.6.17)  20 JUN 2020 23:23
entering extended mode
**./guidemylib.tex
(guidemylib.tex
LaTeX2e <2020-02-02> patch level 5
L3 programming layer <2020-05-15> ("C:\Program Files\MiKTeX 2.9\tex/latex/base\article.cls"
Document Class: article 2019/12/20 v1.4l Standard LaTeX document class
("C:\Program Files\MiKTeX 2.9\tex/latex/base\size12.clo"
File: size12.clo 2019/12/20 v1.4l Standard LaTeX file (size option)
)
\c@part=\count167
\c@section=\count168
\c@subsection=\count169
\c@subsubsection=\count170
\c@paragraph=\count171
\c@subparagraph=\count172
\c@figure=\count173
\c@table=\count174
\abovecaptionskip=\skip47
\belowcaptionskip=\skip48
\bibindent=\dimen134
) ("C:\Program Files\MiKTeX 2.9\tex/latex/xcolor\xcolor.sty"
Package: xcolor 2016/05/11 v2.12 LaTeX color extensions (UK)

("C:\Program Files\MiKTeX 2.9\tex/latex/graphics-cfg\color.cfg"
File: color.cfg 2016/01/02 v1.6 sample color configuration
)
Package xcolor Info: Driver file: pdftex.def on input line 225.

("C:\Program Files\MiKTeX 2.9\tex/latex/graphics-def\pdftex.def"
File: pdftex.def 2018/01/08 v1.0l Graphics/color driver for pdftex
)
(C:\Users\Lecuyer\AppData\Roaming\MiKTeX\2.9\tex/latex/colortbl\colortbl.sty
Package: colortbl 2020/01/04 v1.0e Color table columns (DPC)

("C:\Program Files\MiKTeX 2.9\tex/latex/tools\array.sty"
Package: array 2019/08/31 v2.4l Tabular extension package (FMi)
\col@sep=\dimen135
\ar@mcellbox=\box45
\extrarowheight=\dimen136
\NC@list=\toks15
\extratabsurround=\skip49
\backup@length=\skip50
\ar@cellbox=\box46
)
\everycr=\toks16
\minrowclearance=\skip51
)
\rownum=\count175
Package xcolor Info: Model `cmy' substituted by `cmy0' on input line 1348.
Package xcolor Info: Model `hsb' substituted by `rgb' on input line 1352.
Package xcolor Info: Model `RGB' extended on input line 1364.
Package xcolor Info: Model `HTML' substituted by `rgb' on input line 1366.
Package xcolor Info: Model `Hsb' substituted by `hsb' on input line 1367.
Package xcolor Info: Model `tHsb' substituted by `hsb' on input line 1368.
Package xcolor Info: Model `HSB' substituted by `hsb' on input line 1369.
Package xcolor Info: Model `Gray' substituted by `gray' on input line 1370.
Package xcolor Info: Model `wave' substituted by `hsb' on input line 1371.
) ("C:\Program Files\MiKTeX 2.9\tex/latex/amsfonts\amsfonts.sty"
Package: amsfonts 2013/01/14 v3.01 Basic AMSFonts support
\@emptytoks=\toks17
\symAMSa=\mathgroup4
\symAMSb=\mathgroup5
LaTeX Font Info:    Redeclaring math symbol \hbar on input line 98.
LaTeX Font Info:    Overwriting math alphabet `\mathfrak' in version `bold'
(Font)                  U/euf/m/n --> U/euf/b/n on input line 106.
) ("C:\Program Files\MiKTeX 2.9\tex/latex/amsmath\amsmath.sty"
Package: amsmath 2020/01/20 v2.17e AMS math features
\@mathmargin=\skip52

For additional information on amsmath, use the `?' option.
("C:\Program Files\MiKTeX 2.9\tex/latex/amsmath\amstext.sty"
Package: amstext 2000/06/29 v2.01 AMS text
 ("C:\Program Files\MiKTeX 2.9\tex/latex/amsmath\amsgen.sty"
File: amsgen.sty 1999/11/30 v2.0 generic functions
\@emptytoks=\toks18
\ex@=\dimen137
)) ("C:\Program Files\MiKTeX 2.9\tex/latex/amsmath\amsbsy.sty"
Package: amsbsy 1999/11/29 v1.2d Bold Symbols
\pmbraise@=\dimen138
)
("C:\Program Files\MiKTeX 2.9\tex/latex/amsmath\amsopn.sty"
Package: amsopn 2016/03/08 v2.02 operator names
)
\inf@bad=\count176
LaTeX Info: Redefining \frac on input line 227.
\uproot@=\count177
\leftroot@=\count178
LaTeX Info: Redefining \overline on input line 389.
\classnum@=\count179
\DOTSCASE@=\count180
LaTeX Info: Redefining \ldots on input line 486.
LaTeX Info: Redefining \dots on input line 489.
LaTeX Info: Redefining \cdots on input line 610.
\Mathstrutbox@=\box47
\strutbox@=\box48
\big@size=\dimen139
LaTeX Font Info:    Redeclaring font encoding OML on input line 733.
LaTeX Font Info:    Redeclaring font encoding OMS on input line 734.
\macc@depth=\count181
\c@MaxMatrixCols=\count182
\dotsspace@=\muskip16
\c@parentequation=\count183
\dspbrk@lvl=\count184
\tag@help=\toks19
\row@=\count185
\column@=\count186
\maxfields@=\count187
\andhelp@=\toks20
\eqnshift@=\dimen140
\alignsep@=\dimen141
\tagshift@=\dimen142
\tagwidth@=\dimen143
\totwidth@=\dimen144
\lineht@=\dimen145
\@envbody=\toks21
\multlinegap=\skip53
\multlinetaggap=\skip54
\mathdisplay@stack=\toks22
LaTeX Info: Redefining \[ on input line 2859.
LaTeX Info: Redefining \] on input line 2860.
)
("C:\Program Files\MiKTeX 2.9\tex/latex/listings\listings.sty"
("C:\Program Files\MiKTeX 2.9\tex/latex/graphics\keyval.sty"
Package: keyval 2014/10/28 v1.15 key=value parser (DPC)
\KV@toks@=\toks23
)
\lst@mode=\count188
\lst@gtempboxa=\box49
\lst@token=\toks24
\lst@length=\count189
\lst@currlwidth=\dimen146
\lst@column=\count190
\lst@pos=\count191
\lst@lostspace=\dimen147
\lst@width=\dimen148
\lst@newlines=\count192
\lst@lineno=\count193
\lst@maxwidth=\dimen149

("C:\Program Files\MiKTeX 2.9\tex/latex/listings\lstmisc.sty"
File: lstmisc.sty 2020/03/24 1.8d (Carsten Heinz)
\c@lstnumber=\count194
\lst@skipnumbers=\count195
\lst@framebox=\box50
)
("C:\Program Files\MiKTeX 2.9\tex/latex/listings\listings.cfg"
File: listings.cfg 2020/03/24 1.8d listings configuration
))
Package: listings 2020/03/24 1.8d (Carsten Heinz)
 ("C:\Program Files\MiKTeX 2.9\tex/latex/url\url.sty"
\Urlmuskip=\muskip17
Package: url 2013/09/16  ver 3.4  Verb mode for urls, etc.
)
(C:\Users\Lecuyer\Dropbox\tex/latex\macros\mybold.sty) (C:\Users\Lecuyer\Dropbox\tex/latex\macros\mycal.sty)
(C:\Users\Lecuyer\Dropbox\tex/latex\macros\mymathbb.sty) ("C:\Program Files\MiKTeX 2.9\tex/latex/listings\lstlang1.sty"
File: lstlang1.sty 2020/03/24 1.8d listings language file
) ("C:\Program Files\MiKTeX 2.9\tex/latex/listings\lstmisc.sty"
File: lstmisc.sty 2020/03/24 1.8d (Carsten Heinz)
)
\eqlab=\box51

("C:\Program Files\MiKTeX 2.9\tex/latex/l3backend\l3backend-pdfmode.def"
File: l3backend-pdfmode.def 2020-05-05 L3 backend support: PDF mode
\l__kernel_color_stack_int=\count196
\l__pdf_internal_box=\box52
) (guidemylib.aux)
\openout1 = `guidemylib.aux'.

LaTeX Font Info:    Checking defaults for OML/cmm/m/it on input line 182.
LaTeX Font Info:    ... okay on input line 182.
LaTeX Font Info:    Checking defaults for OMS/cmsy/m/n on input line 182.
LaTeX Font Info:    ... okay on input line 182.
LaTeX Font Info:    Checking defaults for OT1/cmr/m/n on input line 182.
LaTeX Font Info:    ... okay on input line 182.
LaTeX Font Info:    Checking defaults for T1/cmr/m/n on input line 182.
LaTeX Font Info:    ... okay on input line 182.
LaTeX Font Info:    Checking defaults for TS1/cmr/m/n on input line 182.
LaTeX Font Info:    ... okay on input line 182.
LaTeX Font Info:    Checking defaults for OMX/cmex/m/n on input line 182.
LaTeX Font Info:    ... okay on input line 182.
LaTeX Font Info:    Checking defaults for U/cmr/m/n on input line 182.
LaTeX Font Info:    ... okay on input line 182.

("C:\Program Files\MiKTeX 2.9\tex/context/base/mkii\supp-pdf.mkii"
[Loading MPS to PDF converter (version 2006.09.02).]
\scratchcounter=\count197
\scratchdimen=\dimen150
\scratchbox=\box53
\nofMPsegments=\count198
\nofMParguments=\count199
\everyMPshowfont=\toks25
\MPscratchCnt=\count266
\MPscratchDim=\dimen151
\MPnumerator=\count267
\makeMPintoPDFobject=\count268
\everyMPtoPDFconversion=\toks26
)
\c@lstlisting=\count269
 [1

{C:/Users/Lecuyer/AppData/Local/MiKTeX/2.9/pdftex/config/pdftex.map}] (guidemylib.toc
LaTeX Font Info:    Trying to load font information for U+msa on input line 1.

("C:\Program Files\MiKTeX 2.9\tex/latex/amsfonts\umsa.fd"
File: umsa.fd 2013/01/14 v3.01 AMS symbols A
)
LaTeX Font Info:    Trying to load font information for U+msb on input line 1.
 ("C:\Program Files\MiKTeX 2.9\tex/latex/amsfonts\umsb.fd"
File: umsb.fd 2013/01/14 v3.01 AMS symbols B
))
\tf@toc=\write3
\openout3 = `guidemylib.toc'.


[1] (gdef.tex [2

]) [3] (util.tex [4

]) [5] (num.tex [6

] [7]) [8] (num2.tex [9

]) [10] (mystr.tex) [11

] (addstr.tex
Overfull \hbox (4.6678pt too wide) in paragraph at lines 76--76
[]\OT1/cmtt/m/n/12 void  addstr_array_int64 (char *to, const char *add, int high, int64_t val[]); 
 []


Overfull \hbox (17.0178pt too wide) in paragraph at lines 78--78
[]\OT1/cmtt/m/n/12 void  addstr_array_uint64 (char *to, const char *add, int high, uint64_t val[]); 
 []


Overfull \hbox (4.6678pt too wide) in paragraph at lines 80--80
[]\OT1/cmtt/m/n/12 void  addstr_array_double (char *to, const char *add, int high, double val[]); 
 []

) [12

] [13] (tables.tex
Overfull \hbox (4.6678pt too wide) in paragraph at lines 79--79
[]\OT1/cmtt/m/n/12 void tables_CopyTab_uint64 (uint64_t mat1[], uint64_t mat2[], int n1, int n2); 
 []

[14

]
Overfull \hbox (17.0178pt too wide) in paragraph at lines 119--119
[]\OT1/cmtt/m/n/12 void tables_WriteSubmatrix_double (double** mat, int i1, int i2, int j1, int j2, 
 []


Overfull \hbox (17.0178pt too wide) in paragraph at lines 120--120
[]                             \OT1/cmtt/m/n/12 int w, int p, tables_StyleType style, char name[]); 
 []


Overfull \hbox (17.0178pt too wide) in paragraph at lines 140--140
[]\OT1/cmtt/m/n/12 void tables_WriteSubmatrix_int64 (int64_t** mat, int i1, int i2, int j1, int j2, 
 []


Overfull \hbox (4.6678pt too wide) in paragraph at lines 141--141
[]                                  \OT1/cmtt/m/n/12 int w, tables_StyleType style, char name[]); 
 []


Overfull \hbox (4.6678pt too wide) in paragraph at lines 142--142
[]\OT1/cmtt/m/n/12 void tables_WriteSubmatrix_uint64 (uint64_t** mat, int i1, int i2, int j1, int
 []


Overfull \hbox (10.8428pt too wide) in paragraph at lines 143--143
[]                                   \OT1/cmtt/m/n/12 int w, tables_StyleType style, char name[]); 
 []

[15]) [16] (bitset.tex [17

]) [18] (bitvector.tex [19

]
Overfull \hbox (17.0178pt too wide) in paragraph at lines 153--153
[]\OT1/cmtt/m/n/12 void bitvector_xor (bitvector_vector *v1, bitvector_vector *v2, bitvector_vector
 []


Overfull \hbox (17.0178pt too wide) in paragraph at lines 178--178
[]\OT1/cmtt/m/n/12 void bitvector_and (bitvector_vector *v1, bitvector_vector *v2, bitvector_vector
 []


Overfull \hbox (4.6678pt too wide) in paragraph at lines 194--194
[]\OT1/cmtt/m/n/12 void bitvector_andMaskLow (bitvector_vector *v1, bitvector_vector *v2, int t); 
 []

[20]
Overfull \hbox (23.19281pt too wide) in paragraph at lines 202--202
[]\OT1/cmtt/m/n/12 void bitvector_andInvMaskLow (bitvector_vector *v1, bitvector_vector *v2, int t); 
 []


Overfull \hbox (4.6678pt too wide) in paragraph at lines 218--218
[]\OT1/cmtt/m/n/12 void bitvector_rightShift (bitvector_vector *v1, bitvector_vector *v2, int b); 
 []


Overfull \hbox (12.80632pt too wide) in paragraph at lines 288--289
[]\OT1/cmr/m/n/12 Another nice set of macros in C: $\OT1/cmtt/m/n/12 https : / / github . com / iplinux / x11proto-[]tra
p / blob / master /
 []

[21]
Overfull \hbox (4.28429pt too wide) in paragraph at lines 292--293
[]\OT1/cmr/m/n/12 In $\OT1/cmtt/m/n/12 https : / / www . gnu . org / software / guile / docs / docs-[]1 . 8 / guile-[]re
f / Bit-[]Vectors . html$\OT1/cmr/m/n/12 ,
 []

) [22] (bitmatrix.tex [23

]
Overfull \hbox (29.36781pt too wide) in paragraph at lines 116--116
[]\OT1/cmtt/m/n/12 lebool bitmatrix_diagonalize (bitmatrix_matrix *m, int kg, int t, int l, int *gr); 
 []

[24]) [25] (rngstream.tex
Overfull \hbox (47.40242pt too wide) in paragraph at lines 61--71
 []\OT1/cmr/m/n/10.95 Creates and re-turns a new stream with iden-ti-fier \OT1/cmtt/m/n/10.95 name\OT1/cmr/m/n/10.95 , w
hose state vari-able is of type \OT1/cmtt/m/n/10.95 rngstream[]InfoState\OT1/cmr/m/n/10.95 .
 []

[26

]) [27] (chrono.tex [28

]) [29] (tcode.tex) (guidemylib.bbl [30

]) [31] (guidemylib.aux) ) 
Here is how much of TeX's memory you used:
 3962 strings out of 480799
 52274 string characters out of 2905522
 487707 words of memory out of 3000000
 19892 multiletter control sequences out of 15000+200000
 546248 words of font info for 79 fonts, out of 3000000 for 9000
 1141 hyphenation exceptions out of 8191
 32i,9n,40p,668b,294s stack positions out of 5000i,500n,10000p,200000b,50000s
<C:/Program Files/MiKTeX 2.9/fonts/type1/public/amsfonts/cm/cmbx10.pfb><C:/Program Files/MiKTe
X 2.9/fonts/type1/public/amsfonts/cm/cmbx12.pfb><C:/Program Files/MiKTeX 2.9/fonts/type1/public/amsfonts/cm/cmex10.pfb><
C:/Program Files/MiKTeX 2.9/fonts/type1/public/amsfonts/cm/cmitt10.pfb><C:/Program Files/MiKTeX 2.9/fonts/type1/public/a
msfonts/cm/cmmi10.pfb><C:/Program Files/MiKTeX 2.9/fonts/type1/public/amsfonts/cm/cmmi12.pfb><C:/Program Files/MiKTeX 2.
9/fonts/type1/public/amsfonts/cm/cmmi6.pfb><C:/Program Files/MiKTeX 2.9/fonts/type1/public/amsfonts/cm/cmmi8.pfb><C:/Pro
gram Files/MiKTeX 2.9/fonts/type1/public/amsfonts/cm/cmr10.pfb><C:/Program Files/MiKTeX 2.9/fonts/type1/public/amsfonts/
cm/cmr12.pfb><C:/Program Files/MiKTeX 2.9/fonts/type1/public/amsfonts/cm/cmr7.pfb><C:/Program Files/MiKTeX 2.9/fonts/typ
e1/public/amsfonts/cm/cmr8.pfb><C:/Program Files/MiKTeX 2.9/fonts/type1/public/amsfonts/cm/cmsy10.pfb><C:/Program Files/
MiKTeX 2.9/fonts/type1/public/amsfonts/cm/cmsy8.pfb><C:/Program Files/MiKTeX 2.9/fonts/type1/public/amsfonts/cm/cmti10.p
fb><C:/Program Files/MiKTeX 2.9/fonts/type1/public/amsfonts/cm/cmti12.pfb><C:/Program Files/MiKTeX 2.9/fonts/type1/publi
c/amsfonts/cm/cmtt10.pfb><C:/Program Files/MiKTeX 2.9/fonts/type1/public/amsfonts/cm/cmtt12.pfb><C:/Program Files/MiKTeX
 2.9/fonts/type1/public/amsfonts/cm/cmtt8.pfb><C:/Program Files/MiKTeX 2.9/fonts/type1/public/amsfonts/symbols/msbm10.pf
b>
Output written on guidemylib.pdf (32 pages, 306626 bytes).
PDF statistics:
 185 PDF objects out of 1000 (max. 8388607)
 0 named destinations out of 1000 (max. 500000)
 1 words of extra memory for PDF output out of 10000 (max. 10000000)

